#
# A fatal error has been detected by the Java Runtime Environment:
#
#  SIGSEGV (0xb) at pc=0x00000001090b4393, pid=2793, tid=0x0000000000003203
#
# JRE version: Java(TM) SE Runtime Environment (8.0_121-b13) (build 1.8.0_121-b13)
# Java VM: Java HotSpot(TM) 64-Bit Server VM (25.121-b13 mixed mode bsd-amd64 compressed oops)
# Problematic frame:
# V  [libjvm.dylib+0x2b4393]
#
# Failed to write core dump. Core dumps have been disabled. To enable core dumping, try "ulimit -c unlimited" before starting Java again
#
# If you would like to submit a bug report, please visit:
#   http://bugreport.java.com/bugreport/crash.jsp
#

---------------  T H R E A D  ---------------

Current thread (0x00007fc283826800):  JavaThread "C1 CompilerThread2" daemon [_thread_in_vm, id=12803, stack(0x0000700001672000,0x0000700001772000)]

siginfo: si_signo: 11 (SIGSEGV), si_code: 1 (SEGV_MAPERR), si_addr: 0x00002001209a9fda

Registers:
RAX=0x0000000000000011, RBX=0x0000000000000000, RCX=0x0000000000000011, RDX=0x0000000000000011
RSP=0x00007000017708f0, RBP=0x00007000017708f0, RSI=0x00007fc282c8b880, RDI=0x00000001209a90b8
R8 =0x00002001209a9fb8, R9 =0x00000000000000fc, R10=0x0000000000000001, R11=0x00007fc289807870
R12=0x0000700001770d08, R13=0x0000000000000000, R14=0x00000001209a90b8, R15=0x00000007c038aad8
RIP=0x00000001090b4393, EFLAGS=0x0000000000010206, ERR=0x0000000000000004
  TRAPNO=0x000000000000000e

Top of Stack: (sp=0x00007000017708f0)
0x00007000017708f0:   0000700001770940 00000001090b448a
0x0000700001770900:   00000001208e7bf0 00007fc282c8b880
0x0000700001770910:   00007fc282eef530 00000001209a90b8
0x0000700001770920:   0000700001770d08 0000000000000000
0x0000700001770930:   0000700001770d08 00000007c038aad8
0x0000700001770940:   0000700001770960 00000001090b45ce
0x0000700001770950:   0000000000000001 00000007c038aad8
0x0000700001770960:   0000700001770990 0000000108ff59ed
0x0000700001770970:   0000700001770990 0000700001770d20
0x0000700001770980:   00000007c036ab00 00000007c038aad8
0x0000700001770990:   0000700001770cf0 0000000108ff36d1
0x00007000017709a0:   00007fc282d13c88 00000007c038aad8
0x00007000017709b0:   00007000017709d0 00000001208e7bf0
0x00007000017709c0:   00000001208e7bf0 00000001208e7bf0
0x00007000017709d0:   0000000000000001 00000001208e7bf0
0x00007000017709e0:   0000700001770b38 0000700001770c58
0x00007000017709f0:   0000700001770a80 00000001091cc81c
0x0000700001770a00:   00007fc20000008f 00007fc283826800
0x0000700001770a10:   00000007c036abf8 0000008f82c4b640
0x0000700001770a20:   00000007c036abf8 00000001208e7bf0
0x0000700001770a30:   00007fc283826800 00000001208e7bf0
0x0000700001770a40:   00007fc283826800 00000001208e7bf0
0x0000700001770a50:   00000001208e7bf0 00007fc283826800
0x0000700001770a60:   00000001208e7bf0 00007fc283826800
0x0000700001770a70:   00000001208e7bf0 000000000000008f
0x0000700001770a80:   0000700001770bb0 00000001091ccd32
0x0000700001770a90:   00007fc283826800 00007fc287e386f0
0x0000700001770aa0:   00007fc282eef530 0000700001770c58
0x0000700001770ab0:   00000007c036abf8 0000700001770be0
0x0000700001770ac0:   00000007c036abf8 00007fc287b97400
0x0000700001770ad0:   00007fc287b97860 00007fc287b9f3e8
0x0000700001770ae0:   0000000000080158 0000000000000000 

Instructions: (pc=0x00000001090b4393)
0x00000001090b4373:   e5 8b 0f ff c9 31 d2 eb 33 ff c0 89 c2 eb 2d 8d
0x00000001090b4383:   04 11 d1 f8 4c 63 c0 4e 8b 44 c7 08 4d 8b 40 08
0x00000001090b4393:   45 0f b7 48 22 4d 8b 40 08 4f 8b 44 c8 50 49 39
0x00000001090b43a3:   f0 72 d6 49 39 f0 74 0d ff c8 89 c1 39 ca 7e cf 

Register to memory mapping:

RAX=0x0000000000000011 is an unknown value
RBX=0x0000000000000000 is an unknown value
RCX=0x0000000000000011 is an unknown value
RDX=0x0000000000000011 is an unknown value
RSP=0x00007000017708f0 is pointing into the stack for thread: 0x00007fc283826800
RBP=0x00007000017708f0 is pointing into the stack for thread: 0x00007fc283826800
RSI=0x00007fc282c8b880 is an unknown value
RDI=0x00000001209a90b8 is pointing into metadata
R8 =0x00002001209a9fb8 is an unknown value
R9 =0x00000000000000fc is an unknown value
R10=0x0000000000000001 is an unknown value
R11=0x00007fc289807870 is an unknown value
R12=0x0000700001770d08 is pointing into the stack for thread: 0x00007fc283826800
R13=0x0000000000000000 is an unknown value
R14=0x00000001209a90b8 is pointing into metadata
R15=0x00000007c038aad8 is pointing into metadata


Stack: [0x0000700001672000,0x0000700001772000],  sp=0x00007000017708f0,  free space=1018k
Native frames: (J=compiled Java code, j=interpreted, Vv=VM code, C=native code)
V  [libjvm.dylib+0x2b4393]
V  [libjvm.dylib+0x2b448a]
V  [libjvm.dylib+0x2b45ce]
V  [libjvm.dylib+0x1f59ed]
V  [libjvm.dylib+0x1f36d1]
V  [libjvm.dylib+0x1f3902]
V  [libjvm.dylib+0x16da67]
V  [libjvm.dylib+0xf4bb3]
V  [libjvm.dylib+0xf75a9]
V  [libjvm.dylib+0xf3e75]
V  [libjvm.dylib+0xf3ca5]
V  [libjvm.dylib+0xf3fa6]
V  [libjvm.dylib+0xf4efe]
V  [libjvm.dylib+0xf75a9]
V  [libjvm.dylib+0xf3e75]
V  [libjvm.dylib+0xf8369]
V  [libjvm.dylib+0xfd83e]
V  [libjvm.dylib+0xfd8ef]
V  [libjvm.dylib+0xe814b]
V  [libjvm.dylib+0xe82da]
V  [libjvm.dylib+0xe8503]
V  [libjvm.dylib+0xe8718]
V  [libjvm.dylib+0xe8e9a]
V  [libjvm.dylib+0x1b67c8]
V  [libjvm.dylib+0x1b8d0f]
V  [libjvm.dylib+0x56ab0f]
V  [libjvm.dylib+0x56c1fc]
V  [libjvm.dylib+0x48a5b2]
C  [libsystem_pthread.dylib+0x3305]  _pthread_body+0x7e
C  [libsystem_pthread.dylib+0x626f]  _pthread_start+0x46
C  [libsystem_pthread.dylib+0x2415]  thread_start+0xd
C  0x0000000000000000


Current CompileTask:
C1: 709870 11630       3       org.gradle.api.internal.tasks.DefaultTaskDependency::visitDependencies (820 bytes)


---------------  P R O C E S S  ---------------

Java Threads: ( => current thread )
  0x00007fc2871a3800 JavaThread "Task worker for ':' Thread 3" [_thread_blocked, id=40747, stack(0x0000700002eba000,0x0000700002fba000)]
  0x00007fc2871a2800 JavaThread "Task worker for ':' Thread 2" [_thread_blocked, id=42291, stack(0x0000700002db7000,0x0000700002eb7000)]
  0x00007fc284287000 JavaThread "Task worker for ':'" [_thread_blocked, id=25631, stack(0x0000700002cb4000,0x0000700002db4000)]
  0x00007fc287572000 JavaThread "Cache worker for file content cache (/Users/Xou/intellij-workspace/.gradle/4.10.3/fileContent)" [_thread_blocked, id=22067, stack(0x0000700002bb1000,0x0000700002cb1000)]
  0x00007fc287571800 JavaThread "Cache worker for cache directory md-rule (/Users/Xou/.gradle/caches/4.10.3/md-rule)" [_thread_blocked, id=27171, stack(0x00007000027a5000,0x00007000028a5000)]
  0x00007fc2898eb000 JavaThread "Cache worker for cache directory md-supplier (/Users/Xou/.gradle/caches/4.10.3/md-supplier)" [_thread_blocked, id=38179, stack(0x00007000026a2000,0x00007000027a2000)]
  0x00007fc287b57000 JavaThread "Cache worker for file hash cache (/Users/Xou/intellij-workspace/.gradle/4.10.3/fileHashes)" [_thread_blocked, id=38691, stack(0x000070000249c000,0x000070000259c000)]
  0x00007fc28801f000 JavaThread "Stdin handler" [_thread_blocked, id=14903, stack(0x0000700002193000,0x0000700002293000)]
  0x00007fc287644000 JavaThread "Asynchronous log dispatcher for DefaultDaemonConnection: socket connection from /127.0.0.1:51002 to /127.0.0.1:51323" [_thread_blocked, id=27431, stack(0x0000700002090000,0x0000700002190000)]
  0x00007fc2841b9800 JavaThread "Cancel handler" [_thread_blocked, id=4399, stack(0x0000700001e8a000,0x0000700001f8a000)]
  0x00007fc287257000 JavaThread "Handler for socket connection from /127.0.0.1:51002 to /127.0.0.1:51323" [_thread_in_native, id=39471, stack(0x0000700001d87000,0x0000700001e87000)]
  0x00007fc284ea9000 JavaThread "Daemon worker Thread 4" [_thread_blocked, id=22299, stack(0x0000700001f8d000,0x000070000208d000)]
  0x00007fc2883e0800 JavaThread "Daemon Thread 4" [_thread_blocked, id=14351, stack(0x0000700001c84000,0x0000700001d84000)]
  0x00007fc286070800 JavaThread "Cache worker for Java compile cache (/Users/Xou/.gradle/caches/4.10.3/javaCompile)" [_thread_blocked, id=27907, stack(0x00007000035cf000,0x00007000036cf000)]
  0x00007fc288cc4000 JavaThread "Cache worker for file content cache (/Users/Xou/.gradle/caches/4.10.3/fileContent)" [_thread_blocked, id=22803, stack(0x0000700002aae000,0x0000700002bae000)]
  0x00007fc288c72800 JavaThread "Memory manager" [_thread_blocked, id=40459, stack(0x00007000029ab000,0x0000700002aab000)]
  0x00007fc287009000 JavaThread "Cache worker for Artifact transforms cache (/Users/Xou/.gradle/caches/transforms-1)" [_thread_blocked, id=24323, stack(0x00007000028a8000,0x00007000029a8000)]
  0x00007fc284386800 JavaThread "Cache worker for journal cache (/Users/Xou/.gradle/caches/journal-1)" [_thread_blocked, id=24067, stack(0x000070000259f000,0x000070000269f000)]
  0x00007fc283de3800 JavaThread "File lock request listener" [_thread_in_native, id=42755, stack(0x0000700002399000,0x0000700002499000)]
  0x00007fc284e22000 JavaThread "Cache worker for file hash cache (/Users/Xou/.gradle/caches/4.10.3/fileHashes)" [_thread_blocked, id=23299, stack(0x0000700002296000,0x0000700002396000)]
  0x00007fc283db0800 JavaThread "Daemon periodic checks" [_thread_blocked, id=14083, stack(0x0000700001b81000,0x0000700001c81000)]
  0x00007fc2842d6000 JavaThread "Incoming local TCP Connector on port 51002" [_thread_in_native, id=15875, stack(0x0000700001a7e000,0x0000700001b7e000)]
  0x00007fc283dc3800 JavaThread "Daemon health stats" [_thread_blocked, id=16387, stack(0x000070000197b000,0x0000700001a7b000)]
  0x00007fc283839800 JavaThread "Service Thread" daemon [_thread_blocked, id=13059, stack(0x0000700001775000,0x0000700001875000)]
=>0x00007fc283826800 JavaThread "C1 CompilerThread2" daemon [_thread_in_vm, id=12803, stack(0x0000700001672000,0x0000700001772000)]
  0x00007fc28402b000 JavaThread "C2 CompilerThread1" daemon [_thread_blocked, id=17155, stack(0x000070000156f000,0x000070000166f000)]
  0x00007fc28303e000 JavaThread "C2 CompilerThread0" daemon [_thread_blocked, id=17411, stack(0x000070000146c000,0x000070000156c000)]
  0x00007fc28303d800 JavaThread "Signal Dispatcher" daemon [_thread_blocked, id=17667, stack(0x0000700001369000,0x0000700001469000)]
  0x00007fc284029000 JavaThread "Finalizer" daemon [_thread_blocked, id=19459, stack(0x0000700001266000,0x0000700001366000)]
  0x00007fc284026800 JavaThread "Reference Handler" daemon [_thread_blocked, id=19971, stack(0x0000700001163000,0x0000700001263000)]
  0x00007fc284801800 JavaThread "main" [_thread_blocked, id=9731, stack(0x0000700000b51000,0x0000700000c51000)]

Other Threads:
  0x00007fc28303c800 VMThread [stack: 0x0000700001060000,0x0000700001160000] [id=20483]
  0x00007fc28383a000 WatcherThread [stack: 0x0000700001878000,0x0000700001978000] [id=13571]

VM state:synchronizing (normal execution)

VM Mutex/Monitor currently owned by a thread:  ([mutex/lock_event])
[0x00007fc282d035b0] Threads_lock - owner thread: 0x00007fc28303c800
[0x00007fc282d03fb0] Compile_lock - owner thread: 0x00007fc283826800
[0x00007fc282d040b0] MethodCompileQueue_lock - owner thread: 0x00007fc28402b000

Heap:
 PSYoungGen      total 311808K, used 262345K [0x00000007aab00000, 0x00000007bfd80000, 0x00000007c0000000)
  eden space 280064K, 89% used [0x00000007aab00000,0x00000007b9fe2758,0x00000007bbc80000)
  from space 31744K, 36% used [0x00000007bde80000,0x00000007be9d0080,0x00000007bfd80000)
  to   space 33280K, 0% used [0x00000007bbc80000,0x00000007bbc80000,0x00000007bdd00000)
 ParOldGen       total 187392K, used 69209K [0x0000000780000000, 0x000000078b700000, 0x00000007aab00000)
  object space 187392K, 36% used [0x0000000780000000,0x00000007843965e8,0x000000078b700000)
 Metaspace       used 55533K, capacity 57405K, committed 57472K, reserved 1099776K
  class space    used 7526K, capacity 8064K, committed 8064K, reserved 1048576K

Card table byte_map: [0x000000010a162000,0x000000010a363000] byte_map_base: 0x0000000106562000

Marking Bits: (ParMarkBitMap*) 0x00000001096f0d30
 Begin Bits: [0x00000001196e8000, 0x000000011a6e8000)
 End Bits:   [0x000000011a6e8000, 0x000000011b6e8000)

Polling page: 0x0000000108542000

CodeCache: size=245760Kb used=30930Kb max_used=31199Kb free=214829Kb
 bounds [0x000000010a592000, 0x000000010c442000, 0x0000000119592000]
 total_blobs=10127 nmethods=9366 adapters=671
 compilation: enabled

Compilation events (10 events):
Event: 709.847 Thread 0x00007fc283826800 11624       3       org.gradle.api.internal.DelegatingDomainObjectSet::whenObjectAdded (11 bytes)
Event: 709.847 Thread 0x00007fc283826800 nmethod 11624 0x000000010baa9b10 code [0x000000010baa9c80, 0x000000010baa9ea8]
Event: 709.847 Thread 0x00007fc283826800 11625       3       org.gradle.api.internal.CompositeDomainObjectSet$DomainObjectCompositeCollection::realizePending (1 bytes)
Event: 709.847 Thread 0x00007fc283826800 nmethod 11625 0x000000010c0c5550 code [0x000000010c0c56a0, 0x000000010c0c57f0]
Event: 709.847 Thread 0x00007fc283826800 11628       3       org.gradle.api.internal.artifacts.ivyservice.resolutionstrategy.DefaultCachePolicy::eachArtifact (24 bytes)
Event: 709.847 Thread 0x00007fc283826800 nmethod 11628 0x000000010bad17d0 code [0x000000010bad1960, 0x000000010bad1c58]
Event: 709.847 Thread 0x00007fc283826800 11629       3       org.gradle.api.internal.artifacts.configurations.Configurations::getNames (104 bytes)
Event: 709.848 Thread 0x00007fc28402b000 11626       4       org.gradle.api.internal.DefaultDomainObjectCollection::iterator (18 bytes)
Event: 709.848 Thread 0x00007fc283826800 nmethod 11629 0x000000010bac9d90 code [0x000000010baca080, 0x000000010bacb4b8]
Event: 709.848 Thread 0x00007fc283826800 11630       3       org.gradle.api.internal.tasks.DefaultTaskDependency::visitDependencies (820 bytes)

GC Heap History (10 events):
Event: 387.889 GC heap before
{Heap before GC invocations=10 (full 2):
 PSYoungGen      total 272896K, used 270184K [0x00000007aab00000, 0x00000007c0000000, 0x00000007c0000000)
  eden space 253952K, 100% used [0x00000007aab00000,0x00000007ba300000,0x00000007ba300000)
  from space 18944K, 85% used [0x00000007ba300000,0x00000007bb2da060,0x00000007bb580000)
  to   space 19968K, 0% used [0x00000007bec80000,0x00000007bec80000,0x00000007c0000000)
 ParOldGen       total 187392K, used 26367K [0x0000000780000000, 0x000000078b700000, 0x00000007aab00000)
  object space 187392K, 14% used [0x0000000780000000,0x00000007819bfdf8,0x000000078b700000)
 Metaspace       used 46904K, capacity 48465K, committed 48640K, reserved 1091584K
  class space    used 6670K, capacity 7130K, committed 7168K, reserved 1048576K
Event: 387.902 GC heap after
Heap after GC invocations=10 (full 2):
 PSYoungGen      total 328192K, used 15576K [0x00000007aab00000, 0x00000007c0000000, 0x00000007c0000000)
  eden space 308224K, 0% used [0x00000007aab00000,0x00000007aab00000,0x00000007bd800000)
  from space 19968K, 78% used [0x00000007bec80000,0x00000007bfbb6090,0x00000007c0000000)
  to   space 20480K, 0% used [0x00000007bd800000,0x00000007bd800000,0x00000007bec00000)
 ParOldGen       total 187392K, used 26375K [0x0000000780000000, 0x000000078b700000, 0x00000007aab00000)
  object space 187392K, 14% used [0x0000000780000000,0x00000007819c1df8,0x000000078b700000)
 Metaspace       used 46904K, capacity 48465K, committed 48640K, reserved 1091584K
  class space    used 6670K, capacity 7130K, committed 7168K, reserved 1048576K
}
Event: 389.856 GC heap before
{Heap before GC invocations=11 (full 2):
 PSYoungGen      total 328192K, used 323800K [0x00000007aab00000, 0x00000007c0000000, 0x00000007c0000000)
  eden space 308224K, 100% used [0x00000007aab00000,0x00000007bd800000,0x00000007bd800000)
  from space 19968K, 78% used [0x00000007bec80000,0x00000007bfbb6090,0x00000007c0000000)
  to   space 20480K, 0% used [0x00000007bd800000,0x00000007bd800000,0x00000007bec00000)
 ParOldGen       total 187392K, used 26375K [0x0000000780000000, 0x000000078b700000, 0x00000007aab00000)
  object space 187392K, 14% used [0x0000000780000000,0x00000007819c1df8,0x000000078b700000)
 Metaspace       used 53634K, capacity 55211K, committed 55296K, reserved 1097728K
  class space    used 7413K, capacity 7907K, committed 7936K, reserved 1048576K
Event: 389.913 GC heap after
Heap after GC invocations=11 (full 2):
 PSYoungGen      total 328704K, used 20450K [0x00000007aab00000, 0x00000007c0000000, 0x00000007c0000000)
  eden space 308224K, 0% used [0x00000007aab00000,0x00000007aab00000,0x00000007bd800000)
  from space 20480K, 99% used [0x00000007bd800000,0x00000007bebf8800,0x00000007bec00000)
  to   space 20480K, 0% used [0x00000007bec00000,0x00000007bec00000,0x00000007c0000000)
 ParOldGen       total 187392K, used 46122K [0x0000000780000000, 0x000000078b700000, 0x00000007aab00000)
  object space 187392K, 24% used [0x0000000780000000,0x0000000782d0a890,0x000000078b700000)
 Metaspace       used 53634K, capacity 55211K, committed 55296K, reserved 1097728K
  class space    used 7413K, capacity 7907K, committed 7936K, reserved 1048576K
}
Event: 391.169 GC heap before
{Heap before GC invocations=12 (full 2):
 PSYoungGen      total 328704K, used 328674K [0x00000007aab00000, 0x00000007c0000000, 0x00000007c0000000)
  eden space 308224K, 100% used [0x00000007aab00000,0x00000007bd800000,0x00000007bd800000)
  from space 20480K, 99% used [0x00000007bd800000,0x00000007bebf8800,0x00000007bec00000)
  to   space 20480K, 0% used [0x00000007bec00000,0x00000007bec00000,0x00000007c0000000)
 ParOldGen       total 187392K, used 46125K [0x0000000780000000, 0x000000078b700000, 0x00000007aab00000)
  object space 187392K, 24% used [0x0000000780000000,0x0000000782d0b650,0x000000078b700000)
 Metaspace       used 53646K, capacity 55211K, committed 55296K, reserved 1097728K
  class space    used 7413K, capacity 7907K, committed 7936K, reserved 1048576K
Event: 391.205 GC heap after
Heap after GC invocations=12 (full 2):
 PSYoungGen      total 300032K, used 20472K [0x00000007aab00000, 0x00000007c0000000, 0x00000007c0000000)
  eden space 279552K, 0% used [0x00000007aab00000,0x00000007aab00000,0x00000007bbc00000)
  from space 20480K, 99% used [0x00000007bec00000,0x00000007bfffe070,0x00000007c0000000)
  to   space 34816K, 0% used [0x00000007bbc00000,0x00000007bbc00000,0x00000007bde00000)
 ParOldGen       total 187392K, used 55872K [0x0000000780000000, 0x000000078b700000, 0x00000007aab00000)
  object space 187392K, 29% used [0x0000000780000000,0x0000000783690228,0x000000078b700000)
 Metaspace       used 53646K, capacity 55211K, committed 55296K, reserved 1097728K
  class space    used 7413K, capacity 7907K, committed 7936K, reserved 1048576K
}
Event: 391.206 GC heap before
{Heap before GC invocations=13 (full 2):
 PSYoungGen      total 300032K, used 22342K [0x00000007aab00000, 0x00000007c0000000, 0x00000007c0000000)
  eden space 279552K, 0% used [0x00000007aab00000,0x00000007aacd3910,0x00000007bbc00000)
  from space 20480K, 99% used [0x00000007bec00000,0x00000007bfffe070,0x00000007c0000000)
  to   space 34816K, 0% used [0x00000007bbc00000,0x00000007bbc00000,0x00000007bde00000)
 ParOldGen       total 187392K, used 55872K [0x0000000780000000, 0x000000078b700000, 0x00000007aab00000)
  object space 187392K, 29% used [0x0000000780000000,0x0000000783690228,0x000000078b700000)
 Metaspace       used 53646K, capacity 55211K, committed 55296K, reserved 1097728K
  class space    used 7413K, capacity 7907K, committed 7936K, reserved 1048576K
Event: 391.224 GC heap after
Heap after GC invocations=13 (full 2):
 PSYoungGen      total 314368K, used 10264K [0x00000007aab00000, 0x00000007c0000000, 0x00000007c0000000)
  eden space 279552K, 0% used [0x00000007aab00000,0x00000007aab00000,0x00000007bbc00000)
  from space 34816K, 29% used [0x00000007bbc00000,0x00000007bc606040,0x00000007bde00000)
  to   space 34304K, 0% used [0x00000007bde80000,0x00000007bde80000,0x00000007c0000000)
 ParOldGen       total 187392K, used 66227K [0x0000000780000000, 0x000000078b700000, 0x00000007aab00000)
  object space 187392K, 35% used [0x0000000780000000,0x00000007840acf98,0x000000078b700000)
 Metaspace       used 53646K, capacity 55211K, committed 55296K, reserved 1097728K
  class space    used 7413K, capacity 7907K, committed 7936K, reserved 1048576K
}
Event: 454.527 GC heap before
{Heap before GC invocations=14 (full 2):
 PSYoungGen      total 314368K, used 289816K [0x00000007aab00000, 0x00000007c0000000, 0x00000007c0000000)
  eden space 279552K, 100% used [0x00000007aab00000,0x00000007bbc00000,0x00000007bbc00000)
  from space 34816K, 29% used [0x00000007bbc00000,0x00000007bc606040,0x00000007bde00000)
  to   space 34304K, 0% used [0x00000007bde80000,0x00000007bde80000,0x00000007c0000000)
 ParOldGen       total 187392K, used 66227K [0x0000000780000000, 0x000000078b700000, 0x00000007aab00000)
  object space 187392K, 35% used [0x0000000780000000,0x00000007840acf98,0x000000078b700000)
 Metaspace       used 53975K, capacity 55647K, committed 55936K, reserved 1097728K
  class space    used 7445K, capacity 7953K, committed 8064K, reserved 1048576K
Event: 454.543 GC heap after
Heap after GC invocations=14 (full 2):
 PSYoungGen      total 311808K, used 11584K [0x00000007aab00000, 0x00000007bfd80000, 0x00000007c0000000)
  eden space 280064K, 0% used [0x00000007aab00000,0x00000007aab00000,0x00000007bbc80000)
  from space 31744K, 36% used [0x00000007bde80000,0x00000007be9d0080,0x00000007bfd80000)
  to   space 33280K, 0% used [0x00000007bbc80000,0x00000007bbc80000,0x00000007bdd00000)
 ParOldGen       total 187392K, used 69209K [0x0000000780000000, 0x000000078b700000, 0x00000007aab00000)
  object space 187392K, 36% used [0x0000000780000000,0x00000007843965e8,0x000000078b700000)
 Metaspace       used 53975K, capacity 55647K, committed 55936K, reserved 1097728K
  class space    used 7445K, capacity 7953K, committed 8064K, reserved 1048576K
}

Deoptimization events (10 events):
Event: 682.350 Thread 0x00007fc287257000 Uncommon trap: reason=unstable_if action=reinterpret pc=0x000000010a797600 method=com.sun.tools.javac.code.Symbol$ClassSymbol.members()Lcom/sun/tools/javac/code/Scope; @ 4
Event: 682.370 Thread 0x00007fc287257000 Uncommon trap: reason=unstable_if action=reinterpret pc=0x000000010c2a5a30 method=com.sun.tools.javac.code.Scope.enter(Lcom/sun/tools/javac/code/Symbol;Lcom/sun/tools/javac/code/Scope;Lcom/sun/tools/javac/code/Scope;Z)V @ 116
Event: 682.374 Thread 0x00007fc287257000 Uncommon trap: reason=class_check action=maybe_recompile pc=0x000000010a6f36b8 method=com.sun.tools.javac.jvm.Pool.makePoolValue(Ljava/lang/Object;)Ljava/lang/Object; @ 81
Event: 682.374 Thread 0x00007fc287257000 Uncommon trap: reason=class_check action=maybe_recompile pc=0x000000010a6f36b8 method=com.sun.tools.javac.jvm.Pool.makePoolValue(Ljava/lang/Object;)Ljava/lang/Object; @ 81
Event: 682.374 Thread 0x00007fc287257000 Uncommon trap: reason=class_check action=maybe_recompile pc=0x000000010a6f36b8 method=com.sun.tools.javac.jvm.Pool.makePoolValue(Ljava/lang/Object;)Ljava/lang/Object; @ 81
Event: 682.374 Thread 0x00007fc287257000 Uncommon trap: reason=class_check action=maybe_recompile pc=0x000000010a6f36b8 method=com.sun.tools.javac.jvm.Pool.makePoolValue(Ljava/lang/Object;)Ljava/lang/Object; @ 81
Event: 682.501 Thread 0x00007fc287257000 Uncommon trap: reason=unstable_if action=reinterpret pc=0x000000010c15ff00 method=com.sun.tools.javac.code.Types.capture(Lcom/sun/tools/javac/code/Type;)Lcom/sun/tools/javac/code/Type; @ 19
Event: 682.501 Thread 0x00007fc287257000 Uncommon trap: reason=class_check action=maybe_recompile pc=0x000000010c0f323c method=com.sun.tools.javac.code.Type$ClassType.allparams()Lcom/sun/tools/javac/util/List; @ 16
Event: 682.538 Thread 0x00007fc2899ad000 Uncommon trap: reason=bimorphic action=maybe_recompile pc=0x000000010adecde0 method=java.io.BufferedInputStream.read([BII)I @ 101
Event: 682.538 Thread 0x00007fc2899ad000 Uncommon trap: reason=class_check action=maybe_recompile pc=0x000000010adecdcc method=java.io.BufferedInputStream.read1([BII)I @ 39

Internal exceptions (10 events):
Event: 661.194 Thread 0x00007fc284ea9000 Exception <a 'java/lang/ClassNotFoundException': build_7exmnvwfn4b6ojtsqmsmjb2q1Customizer> (0x00000007ae020798) thrown at [/Users/java_re/workspace/8-2-build-macosx-x86_64/jdk8u121/8372/hotspot/src/share/vm/classfile/systemDictionary.cpp, line 210]
Event: 661.292 Thread 0x00007fc284ea9000 Exception <a 'java/lang/ClassCastException'> (0x00000007aeba3590) thrown at [/Users/java_re/workspace/8-2-build-macosx-x86_64/jdk8u121/8372/hotspot/src/share/vm/runtime/sharedRuntime.cpp, line 605]
Event: 661.293 Thread 0x00007fc284ea9000 Exception <a 'java/lang/ClassCastException'> (0x00000007aebaa6a8) thrown at [/Users/java_re/workspace/8-2-build-macosx-x86_64/jdk8u121/8372/hotspot/src/share/vm/runtime/sharedRuntime.cpp, line 605]
Event: 661.350 Thread 0x00007fc284ea9000 Exception <a 'java/lang/ClassCastException'> (0x00000007af2433c8) thrown at [/Users/java_re/workspace/8-2-build-macosx-x86_64/jdk8u121/8372/hotspot/src/share/vm/runtime/sharedRuntime.cpp, line 605]
Event: 661.351 Thread 0x00007fc284ea9000 Exception <a 'java/lang/ClassCastException'> (0x00000007af24c328) thrown at [/Users/java_re/workspace/8-2-build-macosx-x86_64/jdk8u121/8372/hotspot/src/share/vm/runtime/sharedRuntime.cpp, line 605]
Event: 670.499 Thread 0x00007fc284ea9000 Implicit null exception at 0x000000010bd6b0d3 to 0x000000010bd6b4f1
Event: 670.649 Thread 0x00007fc289841000 Exception <a 'java/io/FileNotFoundException'> (0x00000007b1336360) thrown at [/Users/java_re/workspace/8-2-build-macosx-x86_64/jdk8u121/8372/hotspot/src/share/vm/prims/jni.cpp, line 709]
Event: 670.650 Thread 0x00007fc289841000 Exception <a 'java/io/FileNotFoundException'> (0x00000007b1369988) thrown at [/Users/java_re/workspace/8-2-build-macosx-x86_64/jdk8u121/8372/hotspot/src/share/vm/prims/jni.cpp, line 709]
Event: 682.300 Thread 0x00007fc287257000 Exception <a 'java/io/FileNotFoundException'> (0x00000007b5d699d0) thrown at [/Users/java_re/workspace/8-2-build-macosx-x86_64/jdk8u121/8372/hotspot/src/share/vm/prims/jni.cpp, line 709]
Event: 682.301 Thread 0x00007fc287257000 Exception <a 'java/io/FileNotFoundException'> (0x00000007b5d9b658) thrown at [/Users/java_re/workspace/8-2-build-macosx-x86_64/jdk8u121/8372/hotspot/src/share/vm/prims/jni.cpp, line 709]

Events (10 events):
Event: 709.817 Thread 0x00007fc283826800 flushing nmethod 0x000000010c0236d0
Event: 709.818 Thread 0x00007fc283826800 flushing nmethod 0x000000010c037950
Event: 709.818 Thread 0x00007fc283826800 flushing nmethod 0x000000010c07ee10
Event: 709.818 Thread 0x00007fc283826800 flushing nmethod 0x000000010c0c5450
Event: 709.818 Thread 0x00007fc283826800 flushing nmethod 0x000000010c137e50
Event: 709.818 Thread 0x00007fc283826800 flushing nmethod 0x000000010c1a3a90
Event: 709.818 Thread 0x00007fc283826800 flushing nmethod 0x000000010c254110
Event: 709.832 Thread 0x00007fc2898eb000 Thread added: 0x00007fc2898eb000
Event: 709.834 Thread 0x00007fc287571800 Thread added: 0x00007fc287571800
Event: 709.851 Thread 0x00007fc287572000 Thread added: 0x00007fc287572000


Dynamic libraries:
0x000000001c40e000 	/System/Library/Frameworks/Cocoa.framework/Versions/A/Cocoa
0x000000001c40e000 	/System/Library/Frameworks/Security.framework/Versions/A/Security
0x000000001c40e000 	/System/Library/Frameworks/ApplicationServices.framework/Versions/A/ApplicationServices
0x000000001c40e000 	/usr/lib/libz.1.dylib
0x000000001c40e000 	/usr/lib/libSystem.B.dylib
0x000000001c40e000 	/usr/lib/libobjc.A.dylib
0x000000001c40e000 	/System/Library/Frameworks/CoreFoundation.framework/Versions/A/CoreFoundation
0x000000001c40e000 	/System/Library/Frameworks/Foundation.framework/Versions/C/Foundation
0x000000001c40e000 	/System/Library/Frameworks/AppKit.framework/Versions/C/AppKit
0x000000001c40e000 	/System/Library/Frameworks/CoreData.framework/Versions/A/CoreData
0x000000001c40e000 	/System/Library/PrivateFrameworks/RemoteViewServices.framework/Versions/A/RemoteViewServices
0x000000001c40e000 	/System/Library/PrivateFrameworks/UIFoundation.framework/Versions/A/UIFoundation
0x000000001c40e000 	/System/Library/PrivateFrameworks/XCTTargetBootstrap.framework/Versions/A/XCTTargetBootstrap
0x000000001c40e000 	/System/Library/PrivateFrameworks/IconServices.framework/Versions/A/IconServices
0x000000001c40e000 	/System/Library/Frameworks/Metal.framework/Versions/A/Metal
0x000000001c40e000 	/System/Library/PrivateFrameworks/DesktopServicesPriv.framework/Versions/A/DesktopServicesPriv
0x000000001c40e000 	/usr/lib/libenergytrace.dylib
0x000000001c40e000 	/System/Library/PrivateFrameworks/SkyLight.framework/Versions/A/SkyLight
0x000000001c40e000 	/System/Library/Frameworks/CoreGraphics.framework/Versions/A/CoreGraphics
0x000000001c40e000 	/System/Library/Frameworks/Accelerate.framework/Versions/A/Accelerate
0x000000001c40e000 	/System/Library/Frameworks/IOSurface.framework/Versions/A/IOSurface
0x000000001c40e000 	/System/Library/PrivateFrameworks/DFRFoundation.framework/Versions/A/DFRFoundation
0x000000001c40e000 	/System/Library/Frameworks/AudioToolbox.framework/Versions/A/AudioToolbox
0x000000001c40e000 	/System/Library/Frameworks/AudioUnit.framework/Versions/A/AudioUnit
0x000000001c40e000 	/System/Library/PrivateFrameworks/DataDetectorsCore.framework/Versions/A/DataDetectorsCore
0x000000001c40e000 	/System/Library/Frameworks/Carbon.framework/Versions/A/Frameworks/HIToolbox.framework/Versions/A/HIToolbox
0x000000001c40e000 	/usr/lib/libicucore.A.dylib
0x000000001c40e000 	/System/Library/Frameworks/QuartzCore.framework/Versions/A/QuartzCore
0x000000001c40e000 	/System/Library/Frameworks/Carbon.framework/Versions/A/Frameworks/SpeechRecognition.framework/Versions/A/SpeechRecognition
0x000000001c40e000 	/usr/lib/libauto.dylib
0x000000001c40e000 	/usr/lib/libxml2.2.dylib
0x000000001c40e000 	/System/Library/PrivateFrameworks/CoreUI.framework/Versions/A/CoreUI
0x000000001c40e000 	/System/Library/Frameworks/CoreAudio.framework/Versions/A/CoreAudio
0x000000001c40e000 	/System/Library/Frameworks/DiskArbitration.framework/Versions/A/DiskArbitration
0x000000001c40e000 	/usr/lib/liblangid.dylib
0x000000001c40e000 	/System/Library/PrivateFrameworks/MultitouchSupport.framework/Versions/A/MultitouchSupport
0x000000001c40e000 	/System/Library/Frameworks/IOKit.framework/Versions/A/IOKit
0x000000001c40e000 	/usr/lib/libDiagnosticMessagesClient.dylib
0x000000001c40e000 	/System/Library/Frameworks/CoreServices.framework/Versions/A/CoreServices
0x000000001c40e000 	/System/Library/PrivateFrameworks/PerformanceAnalysis.framework/Versions/A/PerformanceAnalysis
0x000000001c40e000 	/System/Library/Frameworks/OpenGL.framework/Versions/A/OpenGL
0x000000001c40e000 	/System/Library/Frameworks/ColorSync.framework/Versions/A/ColorSync
0x000000001c40e000 	/System/Library/Frameworks/CoreImage.framework/Versions/A/CoreImage
0x000000001c40e000 	/System/Library/Frameworks/CoreText.framework/Versions/A/CoreText
0x000000001c40e000 	/System/Library/Frameworks/ImageIO.framework/Versions/A/ImageIO
0x000000001c40e000 	/System/Library/PrivateFrameworks/Backup.framework/Versions/A/Backup
0x000000001c40e000 	/usr/lib/libarchive.2.dylib
0x000000001c40e000 	/System/Library/Frameworks/CFNetwork.framework/Versions/A/CFNetwork
0x000000001c40e000 	/System/Library/Frameworks/SystemConfiguration.framework/Versions/A/SystemConfiguration
0x000000001c40e000 	/usr/lib/libCRFSuite.dylib
0x000000001c40e000 	/usr/lib/libc++.1.dylib
0x000000001c40e000 	/usr/lib/libc++abi.dylib
0x000000001c40e000 	/usr/lib/system/libcache.dylib
0x000000001c40e000 	/usr/lib/system/libcommonCrypto.dylib
0x000000001c40e000 	/usr/lib/system/libcompiler_rt.dylib
0x000000001c40e000 	/usr/lib/system/libcopyfile.dylib
0x000000001c40e000 	/usr/lib/system/libcorecrypto.dylib
0x000000001c40e000 	/usr/lib/system/libdispatch.dylib
0x000000001c40e000 	/usr/lib/system/libdyld.dylib
0x000000001c40e000 	/usr/lib/system/libkeymgr.dylib
0x000000001c40e000 	/usr/lib/system/liblaunch.dylib
0x000000001c40e000 	/usr/lib/system/libmacho.dylib
0x000000001c40e000 	/usr/lib/system/libquarantine.dylib
0x000000001c40e000 	/usr/lib/system/libremovefile.dylib
0x000000001c40e000 	/usr/lib/system/libsystem_asl.dylib
0x000000001c40e000 	/usr/lib/system/libsystem_blocks.dylib
0x000000001c40e000 	/usr/lib/system/libsystem_c.dylib
0x000000001c40e000 	/usr/lib/system/libsystem_configuration.dylib
0x000000001c40e000 	/usr/lib/system/libsystem_coreservices.dylib
0x000000001c40e000 	/usr/lib/system/libsystem_darwin.dylib
0x000000001c40e000 	/usr/lib/system/libsystem_dnssd.dylib
0x000000001c40e000 	/usr/lib/system/libsystem_info.dylib
0x000000001c40e000 	/usr/lib/system/libsystem_m.dylib
0x000000001c40e000 	/usr/lib/system/libsystem_malloc.dylib
0x000000001c40e000 	/usr/lib/system/libsystem_networkextension.dylib
0x000000001c40e000 	/usr/lib/system/libsystem_notify.dylib
0x000000001c40e000 	/usr/lib/system/libsystem_sandbox.dylib
0x000000001c40e000 	/usr/lib/system/libsystem_secinit.dylib
0x000000001c40e000 	/usr/lib/system/libsystem_kernel.dylib
0x000000001c40e000 	/usr/lib/system/libsystem_platform.dylib
0x000000001c40e000 	/usr/lib/system/libsystem_pthread.dylib
0x000000001c40e000 	/usr/lib/system/libsystem_symptoms.dylib
0x000000001c40e000 	/usr/lib/system/libsystem_trace.dylib
0x000000001c40e000 	/usr/lib/system/libunwind.dylib
0x000000001c40e000 	/usr/lib/system/libxpc.dylib
0x000000001c40e000 	/usr/lib/libbsm.0.dylib
0x000000001c40e000 	/usr/lib/system/libkxld.dylib
0x000000001c40e000 	/System/Library/PrivateFrameworks/AppleFSCompression.framework/Versions/A/AppleFSCompression
0x000000001c40e000 	/usr/lib/libOpenScriptingUtil.dylib
0x000000001c40e000 	/usr/lib/libcoretls.dylib
0x000000001c40e000 	/usr/lib/libcoretls_cfhelpers.dylib
0x000000001c40e000 	/usr/lib/libpam.2.dylib
0x000000001c40e000 	/usr/lib/libsqlite3.dylib
0x000000001c40e000 	/usr/lib/libxar.1.dylib
0x000000001c40e000 	/usr/lib/libbz2.1.0.dylib
0x000000001c40e000 	/usr/lib/liblzma.5.dylib
0x000000001c40e000 	/usr/lib/libnetwork.dylib
0x000000001c40e000 	/usr/lib/libapple_nghttp2.dylib
0x000000001c40e000 	/usr/lib/libpcap.A.dylib
0x000000001c40e000 	/System/Library/Frameworks/CoreServices.framework/Versions/A/Frameworks/FSEvents.framework/Versions/A/FSEvents
0x000000001c40e000 	/System/Library/Frameworks/CoreServices.framework/Versions/A/Frameworks/CarbonCore.framework/Versions/A/CarbonCore
0x000000001c40e000 	/System/Library/Frameworks/CoreServices.framework/Versions/A/Frameworks/Metadata.framework/Versions/A/Metadata
0x000000001c40e000 	/System/Library/Frameworks/CoreServices.framework/Versions/A/Frameworks/OSServices.framework/Versions/A/OSServices
0x000000001c40e000 	/System/Library/Frameworks/CoreServices.framework/Versions/A/Frameworks/SearchKit.framework/Versions/A/SearchKit
0x000000001c40e000 	/System/Library/Frameworks/CoreServices.framework/Versions/A/Frameworks/AE.framework/Versions/A/AE
0x000000001c40e000 	/System/Library/Frameworks/CoreServices.framework/Versions/A/Frameworks/LaunchServices.framework/Versions/A/LaunchServices
0x000000001c40e000 	/System/Library/Frameworks/CoreServices.framework/Versions/A/Frameworks/DictionaryServices.framework/Versions/A/DictionaryServices
0x000000001c40e000 	/System/Library/Frameworks/CoreServices.framework/Versions/A/Frameworks/SharedFileList.framework/Versions/A/SharedFileList
0x000000001c40e000 	/System/Library/Frameworks/NetFS.framework/Versions/A/NetFS
0x000000001c40e000 	/System/Library/PrivateFrameworks/NetAuth.framework/Versions/A/NetAuth
0x000000001c40e000 	/System/Library/PrivateFrameworks/login.framework/Versions/A/Frameworks/loginsupport.framework/Versions/A/loginsupport
0x000000001c40e000 	/System/Library/PrivateFrameworks/TCC.framework/Versions/A/TCC
0x000000001c40e000 	/System/Library/PrivateFrameworks/CoreNLP.framework/Versions/A/CoreNLP
0x000000001c40e000 	/System/Library/PrivateFrameworks/MetadataUtilities.framework/Versions/A/MetadataUtilities
0x000000001c40e000 	/usr/lib/libmecabra.dylib
0x000000001c40e000 	/System/Library/Frameworks/ApplicationServices.framework/Versions/A/Frameworks/ATS.framework/Versions/A/ATS
0x000000001c40e000 	/System/Library/Frameworks/ApplicationServices.framework/Versions/A/Frameworks/ColorSyncLegacy.framework/Versions/A/ColorSyncLegacy
0x000000001c40e000 	/System/Library/Frameworks/ApplicationServices.framework/Versions/A/Frameworks/HIServices.framework/Versions/A/HIServices
0x000000001c40e000 	/System/Library/Frameworks/ApplicationServices.framework/Versions/A/Frameworks/LangAnalysis.framework/Versions/A/LangAnalysis
0x000000001c40e000 	/System/Library/Frameworks/ApplicationServices.framework/Versions/A/Frameworks/PrintCore.framework/Versions/A/PrintCore
0x000000001c40e000 	/System/Library/Frameworks/ApplicationServices.framework/Versions/A/Frameworks/QD.framework/Versions/A/QD
0x000000001c40e000 	/System/Library/Frameworks/ApplicationServices.framework/Versions/A/Frameworks/SpeechSynthesis.framework/Versions/A/SpeechSynthesis
0x000000001c40e000 	/usr/lib/libcompression.dylib
0x000000001c40e000 	/System/Library/Frameworks/CoreDisplay.framework/Versions/A/CoreDisplay
0x000000001c40e000 	/System/Library/Frameworks/MetalPerformanceShaders.framework/Versions/A/MetalPerformanceShaders
0x000000001c40e000 	/System/Library/Frameworks/Accelerate.framework/Versions/A/Frameworks/vImage.framework/Versions/A/vImage
0x000000001c40e000 	/System/Library/Frameworks/Accelerate.framework/Versions/A/Frameworks/vecLib.framework/Versions/A/vecLib
0x000000001c40e000 	/System/Library/Frameworks/Accelerate.framework/Versions/A/Frameworks/vecLib.framework/Versions/A/libvMisc.dylib
0x000000001c40e000 	/System/Library/Frameworks/Accelerate.framework/Versions/A/Frameworks/vecLib.framework/Versions/A/libvDSP.dylib
0x000000001c40e000 	/System/Library/Frameworks/Accelerate.framework/Versions/A/Frameworks/vecLib.framework/Versions/A/libBLAS.dylib
0x000000001c40e000 	/System/Library/Frameworks/Accelerate.framework/Versions/A/Frameworks/vecLib.framework/Versions/A/libLAPACK.dylib
0x000000001c40e000 	/System/Library/Frameworks/Accelerate.framework/Versions/A/Frameworks/vecLib.framework/Versions/A/libLinearAlgebra.dylib
0x000000001c40e000 	/System/Library/Frameworks/Accelerate.framework/Versions/A/Frameworks/vecLib.framework/Versions/A/libSparseBLAS.dylib
0x000000001c40e000 	/System/Library/Frameworks/Accelerate.framework/Versions/A/Frameworks/vecLib.framework/Versions/A/libQuadrature.dylib
0x000000001c40e000 	/System/Library/Frameworks/Accelerate.framework/Versions/A/Frameworks/vecLib.framework/Versions/A/libBNNS.dylib
0x000000001c40e000 	/System/Library/Frameworks/Accelerate.framework/Versions/A/Frameworks/vecLib.framework/Versions/A/libSparse.dylib
0x000000001c40e000 	/System/Library/PrivateFrameworks/GPUWrangler.framework/Versions/A/GPUWrangler
0x000000001c40e000 	/System/Library/PrivateFrameworks/IOAccelerator.framework/Versions/A/IOAccelerator
0x000000001c40e000 	/System/Library/PrivateFrameworks/IOPresentment.framework/Versions/A/IOPresentment
0x000000001c40e000 	/System/Library/PrivateFrameworks/DSExternalDisplay.framework/Versions/A/DSExternalDisplay
0x000000001c40e000 	/System/Library/Frameworks/OpenGL.framework/Versions/A/Libraries/libCoreFSCache.dylib
0x000000001c40e000 	/System/Library/Frameworks/MetalPerformanceShaders.framework/Frameworks/MPSCore.framework/Versions/A/MPSCore
0x000000001c40e000 	/System/Library/Frameworks/MetalPerformanceShaders.framework/Frameworks/MPSImage.framework/Versions/A/MPSImage
0x000000001c40e000 	/System/Library/Frameworks/MetalPerformanceShaders.framework/Frameworks/MPSNeuralNetwork.framework/Versions/A/MPSNeuralNetwork
0x000000001c40e000 	/System/Library/Frameworks/MetalPerformanceShaders.framework/Frameworks/MPSMatrix.framework/Versions/A/MPSMatrix
0x000000001c40e000 	/System/Library/Frameworks/MetalPerformanceShaders.framework/Frameworks/MPSRayIntersector.framework/Versions/A/MPSRayIntersector
0x000000001c40e000 	/System/Library/PrivateFrameworks/MetalTools.framework/Versions/A/MetalTools
0x000000001c40e000 	/System/Library/PrivateFrameworks/AggregateDictionary.framework/Versions/A/AggregateDictionary
0x000000001c40e000 	/usr/lib/libMobileGestalt.dylib
0x000000001c40e000 	/System/Library/Frameworks/CoreVideo.framework/Versions/A/CoreVideo
0x000000001c40e000 	/System/Library/PrivateFrameworks/GraphVisualizer.framework/Versions/A/GraphVisualizer
0x000000001c40e000 	/System/Library/PrivateFrameworks/FaceCore.framework/Versions/A/FaceCore
0x000000001c40e000 	/System/Library/Frameworks/OpenCL.framework/Versions/A/OpenCL
0x000000001c40e000 	/usr/lib/libFosl_dynamic.dylib
0x000000001c40e000 	/System/Library/PrivateFrameworks/OTSVG.framework/Versions/A/OTSVG
0x000000001c40e000 	/System/Library/Frameworks/ApplicationServices.framework/Versions/A/Frameworks/ATS.framework/Versions/A/Resources/libFontParser.dylib
0x000000001c40e000 	/System/Library/Frameworks/ApplicationServices.framework/Versions/A/Frameworks/ATS.framework/Versions/A/Resources/libFontRegistry.dylib
0x000000001c40e000 	/System/Library/Frameworks/ImageIO.framework/Versions/A/Resources/libJPEG.dylib
0x000000001c40e000 	/System/Library/Frameworks/ImageIO.framework/Versions/A/Resources/libTIFF.dylib
0x000000001c40e000 	/System/Library/Frameworks/ImageIO.framework/Versions/A/Resources/libPng.dylib
0x000000001c40e000 	/System/Library/Frameworks/ImageIO.framework/Versions/A/Resources/libGIF.dylib
0x000000001c40e000 	/System/Library/Frameworks/ImageIO.framework/Versions/A/Resources/libJP2.dylib
0x000000001c40e000 	/System/Library/Frameworks/ImageIO.framework/Versions/A/Resources/libRadiance.dylib
0x000000001c40e000 	/System/Library/PrivateFrameworks/AppleJPEG.framework/Versions/A/AppleJPEG
0x000000001c40e000 	/System/Library/Frameworks/OpenGL.framework/Versions/A/Libraries/libGFXShared.dylib
0x000000001c40e000 	/System/Library/Frameworks/OpenGL.framework/Versions/A/Libraries/libGLU.dylib
0x000000001c40e000 	/System/Library/Frameworks/OpenGL.framework/Versions/A/Libraries/libGL.dylib
0x000000001c40e000 	/System/Library/Frameworks/OpenGL.framework/Versions/A/Libraries/libGLImage.dylib
0x000000001c40e000 	/System/Library/Frameworks/OpenGL.framework/Versions/A/Libraries/libCVMSPluginSupport.dylib
0x000000001c40e000 	/System/Library/Frameworks/OpenGL.framework/Versions/A/Libraries/libCoreVMClient.dylib
0x000000001c40e000 	/usr/lib/libcups.2.dylib
0x000000001c40e000 	/System/Library/Frameworks/Kerberos.framework/Versions/A/Kerberos
0x000000001c40e000 	/System/Library/Frameworks/GSS.framework/Versions/A/GSS
0x000000001c40e000 	/usr/lib/libresolv.9.dylib
0x000000001c40e000 	/usr/lib/libiconv.2.dylib
0x000000001c40e000 	/System/Library/PrivateFrameworks/Heimdal.framework/Versions/A/Heimdal
0x000000001c40e000 	/usr/lib/libheimdal-asn1.dylib
0x000000001c40e000 	/System/Library/Frameworks/OpenDirectory.framework/Versions/A/OpenDirectory
0x000000001c40e000 	/System/Library/PrivateFrameworks/CommonAuth.framework/Versions/A/CommonAuth
0x000000001c40e000 	/System/Library/Frameworks/OpenDirectory.framework/Versions/A/Frameworks/CFOpenDirectory.framework/Versions/A/CFOpenDirectory
0x000000001c40e000 	/System/Library/Frameworks/SecurityFoundation.framework/Versions/A/SecurityFoundation
0x000000001c40e000 	/System/Library/PrivateFrameworks/APFS.framework/Versions/A/APFS
0x000000001c40e000 	/usr/lib/libutil.dylib
0x000000001c40e000 	/usr/lib/libcharset.1.dylib
0x000000001c40e000 	/System/Library/PrivateFrameworks/AppleSauce.framework/Versions/A/AppleSauce
0x000000001c40e000 	/System/Library/PrivateFrameworks/AssertionServices.framework/Versions/A/AssertionServices
0x000000001c40e000 	/System/Library/PrivateFrameworks/BaseBoard.framework/Versions/A/BaseBoard
0x000000001c40e000 	/usr/lib/libmecab.1.0.0.dylib
0x000000001c40e000 	/usr/lib/libgermantok.dylib
0x000000001c40e000 	/usr/lib/libThaiTokenizer.dylib
0x000000001c40e000 	/usr/lib/libChineseTokenizer.dylib
0x000000001c40e000 	/System/Library/PrivateFrameworks/LanguageModeling.framework/Versions/A/LanguageModeling
0x000000001c40e000 	/System/Library/PrivateFrameworks/CoreEmoji.framework/Versions/A/CoreEmoji
0x000000001c40e000 	/System/Library/PrivateFrameworks/Lexicon.framework/Versions/A/Lexicon
0x000000001c40e000 	/System/Library/PrivateFrameworks/LinguisticData.framework/Versions/A/LinguisticData
0x000000001c40e000 	/usr/lib/libcmph.dylib
0x000000001c40e000 	/System/Library/Frameworks/ServiceManagement.framework/Versions/A/ServiceManagement
0x000000001c40e000 	/System/Library/PrivateFrameworks/BackgroundTaskManagement.framework/Versions/A/BackgroundTaskManagement
0x000000001c40e000 	/usr/lib/libxslt.1.dylib
0x000000001c40e000 	/System/Library/Frameworks/Carbon.framework/Versions/A/Frameworks/Ink.framework/Versions/A/Ink
0x000000001c40e000 	/System/Library/PrivateFrameworks/TextureIO.framework/Versions/A/TextureIO
0x000000001c40e000 	/usr/lib/libate.dylib
0x000000001c40e000 	/System/Library/PrivateFrameworks/CrashReporterSupport.framework/Versions/A/CrashReporterSupport
0x000000001c40e000 	/System/Library/PrivateFrameworks/Sharing.framework/Versions/A/Sharing
0x000000001c40e000 	/System/Library/PrivateFrameworks/AuthKit.framework/Versions/A/AuthKit
0x000000001c40e000 	/System/Library/PrivateFrameworks/Apple80211.framework/Versions/A/Apple80211
0x000000001c40e000 	/System/Library/PrivateFrameworks/CoreUtils.framework/Versions/A/CoreUtils
0x000000001c40e000 	/System/Library/Frameworks/CoreWLAN.framework/Versions/A/CoreWLAN
0x000000001c40e000 	/System/Library/Frameworks/IOBluetooth.framework/Versions/A/IOBluetooth
0x000000001c40e000 	/System/Library/PrivateFrameworks/ProtocolBuffer.framework/Versions/A/ProtocolBuffer
0x000000001c40e000 	/System/Library/PrivateFrameworks/MobileKeyBag.framework/Versions/A/MobileKeyBag
0x000000001c40e000 	/System/Library/PrivateFrameworks/CorePhoneNumbers.framework/Versions/A/CorePhoneNumbers
0x000000001c40e000 	/System/Library/PrivateFrameworks/AppleIDAuthSupport.framework/Versions/A/AppleIDAuthSupport
0x000000001c40e000 	/System/Library/PrivateFrameworks/KeychainCircle.framework/Versions/A/KeychainCircle
0x000000001c40e000 	/System/Library/PrivateFrameworks/ROCKit.framework/Versions/A/ROCKit
0x000000001c40e000 	/System/Library/PrivateFrameworks/CoreWiFi.framework/Versions/A/CoreWiFi
0x000000001c40e000 	/System/Library/Frameworks/CoreBluetooth.framework/Versions/A/CoreBluetooth
0x000000001c40e000 	/System/Library/PrivateFrameworks/DebugSymbols.framework/Versions/A/DebugSymbols
0x000000001c40e000 	/System/Library/PrivateFrameworks/CoreSymbolication.framework/Versions/A/CoreSymbolication
0x000000001c40e000 	/System/Library/PrivateFrameworks/Symbolication.framework/Versions/A/Symbolication
0x000000001c40e000 	/System/Library/PrivateFrameworks/SpeechRecognitionCore.framework/Versions/A/SpeechRecognitionCore
0x0000000108e00000 	/Library/Java/JavaVirtualMachines/jdk1.8.0_121.jdk/Contents/Home/jre/lib/server/libjvm.dylib
0x000000001c40e000 	/usr/lib/libstdc++.6.dylib
0x00000001084ff000 	/Library/Java/JavaVirtualMachines/jdk1.8.0_121.jdk/Contents/Home/jre/lib/libverify.dylib
0x000000010850d000 	/Library/Java/JavaVirtualMachines/jdk1.8.0_121.jdk/Contents/Home/jre/lib/libjava.dylib
0x000000010858c000 	/Library/Java/JavaVirtualMachines/jdk1.8.0_121.jdk/Contents/Home/jre/lib/libzip.dylib
0x000000001c40e000 	/System/Library/Frameworks/JavaVM.framework/Versions/A/Frameworks/JavaRuntimeSupport.framework/Versions/A/JavaRuntimeSupport
0x000000001c40e000 	/System/Library/Frameworks/JavaVM.framework/Versions/A/Frameworks/JavaNativeFoundation.framework/Versions/A/JavaNativeFoundation
0x000000001c40e000 	/System/Library/Frameworks/JavaVM.framework/Versions/A/JavaVM
0x000000001c40e000 	/System/Library/Frameworks/Carbon.framework/Versions/A/Carbon
0x000000001c40e000 	/System/Library/PrivateFrameworks/JavaLaunching.framework/Versions/A/JavaLaunching
0x000000001c40e000 	/System/Library/Frameworks/Carbon.framework/Versions/A/Frameworks/CommonPanels.framework/Versions/A/CommonPanels
0x000000001c40e000 	/System/Library/Frameworks/Carbon.framework/Versions/A/Frameworks/Help.framework/Versions/A/Help
0x000000001c40e000 	/System/Library/Frameworks/Carbon.framework/Versions/A/Frameworks/ImageCapture.framework/Versions/A/ImageCapture
0x000000001c40e000 	/System/Library/Frameworks/Carbon.framework/Versions/A/Frameworks/OpenScripting.framework/Versions/A/OpenScripting
0x000000001c40e000 	/System/Library/Frameworks/Carbon.framework/Versions/A/Frameworks/Print.framework/Versions/A/Print
0x000000001c40e000 	/System/Library/Frameworks/Carbon.framework/Versions/A/Frameworks/SecurityHI.framework/Versions/A/SecurityHI
0x000000011f33c000 	/Library/Java/JavaVirtualMachines/jdk1.8.0_121.jdk/Contents/Home/jre/lib/libnet.dylib
0x000000011f353000 	/Library/Java/JavaVirtualMachines/jdk1.8.0_121.jdk/Contents/Home/jre/lib/libnio.dylib
0x000000011f363000 	/Users/Xou/.gradle/native/25/osx-amd64/libnative-platform.dylib
0x000000011f7a1000 	/Library/Java/JavaVirtualMachines/jdk1.8.0_121.jdk/Contents/Home/jre/lib/libmanagement.dylib

VM Arguments:
jvm_args: -XX:+HeapDumpOnOutOfMemoryError -Xmx1024m -Dfile.encoding=UTF-8 -Duser.country=CH -Duser.language=en -Duser.variant 
java_command: org.gradle.launcher.daemon.bootstrap.GradleDaemon 4.10.3
java_class_path (initial): /Users/Xou/.gradle/wrapper/dists/gradle-4.10.3-bin/31t79e2qsceia4mkbojplrgx/gradle-4.10.3/lib/gradle-launcher-4.10.3.jar
Launcher Type: SUN_STANDARD

Environment Variables:
PATH=/Users/Xou/Library/Android/sdk/emulator:/Users/Xou/Library/Android/sdk/tools:/usr/local/bin:/usr/bin:/bin:/usr/sbin:/sbin:/Applications/VMware Fusion.app/Contents/Public:/opt/X11/bin:/Library/Frameworks/Mono.framework/Versions/Current/Commands:/Users/Xou/Library/Android/sdk/tools:/Users/Xou/Library/Android/sdk/tools/bin:/Users/Xou/Library/Android/sdk/platform-tools:/Users/Xou/sonar-scanner-3.2.0.1227-macosx/bin
SHELL=/bin/zsh
DISPLAY=/private/tmp/com.apple.launchd.cUKn4yUshu/org.macosforge.xquartz:0

Signal Handlers:
SIGSEGV: [libjvm.dylib+0x5b1141], sa_mask[0]=11111111011111110111111111111111, sa_flags=SA_ONSTACK|SA_RESTART|SA_SIGINFO
SIGBUS: [libjvm.dylib+0x5b1141], sa_mask[0]=11111111011111110111111111111111, sa_flags=SA_RESTART|SA_SIGINFO
SIGFPE: [libjvm.dylib+0x487bc4], sa_mask[0]=11111111011111110111111111111111, sa_flags=SA_RESTART|SA_SIGINFO
SIGPIPE: [libjvm.dylib+0x487bc4], sa_mask[0]=11111111011111110111111111111111, sa_flags=SA_RESTART|SA_SIGINFO
SIGXFSZ: [libjvm.dylib+0x487bc4], sa_mask[0]=11111111011111110111111111111111, sa_flags=SA_RESTART|SA_SIGINFO
SIGILL: [libjvm.dylib+0x487bc4], sa_mask[0]=11111111011111110111111111111111, sa_flags=SA_RESTART|SA_SIGINFO
SIGUSR1: SIG_DFL, sa_mask[0]=00000000000000000000000000000000, sa_flags=none
SIGUSR2: [libjvm.dylib+0x4876e2], sa_mask[0]=00100000000000000000000000000000, sa_flags=SA_RESTART|SA_SIGINFO
SIGHUP: [libjvm.dylib+0x485cb9], sa_mask[0]=11111111011111110111111111111111, sa_flags=SA_RESTART|SA_SIGINFO
SIGINT: [libjvm.dylib+0x485cb9], sa_mask[0]=11111111011111110111111111111111, sa_flags=SA_RESTART|SA_SIGINFO
SIGTERM: [libjvm.dylib+0x485cb9], sa_mask[0]=11111111011111110111111111111111, sa_flags=SA_RESTART|SA_SIGINFO
SIGQUIT: [libjvm.dylib+0x485cb9], sa_mask[0]=11111111011111110111111111111111, sa_flags=SA_RESTART|SA_SIGINFO


---------------  S Y S T E M  ---------------

OS:Bsduname:Darwin 18.2.0 Darwin Kernel Version 18.2.0: Thu Dec 20 20:46:53 PST 2018; root:xnu-4903.241.1~1/RELEASE_X86_64 x86_64
rlimit: STACK 8192k, CORE 0k, NPROC 1418, NOFILE 10240, AS infinity
load average:2.59 2.52 2.33

CPU:total 4 (4 cores per cpu, 1 threads per core) family 6 model 60 stepping 3, cmov, cx8, fxsr, mmx, sse, sse2, sse3, ssse3, sse4.1, sse4.2, popcnt, avx, avx2, aes, clmul, erms, lzcnt, tsc, tscinvbit, bmi1, bmi2

Memory: 4k page, physical 16777216k(1819440k free)

/proc/meminfo:


vm_info: Java HotSpot(TM) 64-Bit Server VM (25.121-b13) for bsd-amd64 JRE (1.8.0_121-b13), built on Dec 12 2016 20:39:32 by "java_re" with gcc 4.2.1 (Based on Apple Inc. build 5658) (LLVM build 2336.11.00)

time: Tue Apr  2 09:50:24 2019
elapsed time: 709 seconds (0d 0h 11m 49s)

